Using pre-set license
Built from '2020.3/staging' branch; Version is '2020.3.16f1 (049d6eca3c44) revision 302446'; Using compiler version '192528614'; Build Type 'Release'
OS: 'Windows 10 Pro; OS build 19043.1466; Version 2009; 64bit' Language: 'es' Physical Memory: 8141 MB
BatchMode: 1, IsHumanControllingUs: 0, StartBugReporterOnCrash: 0, Is64bit: 1, IsPro: 0

 COMMAND LINE ARGUMENTS:
C:\Program Files\Unity\2020.3.16f1\Editor\Unity.exe
-adb2
-batchMode
-noUpm
-name
AssetImportWorker0
-projectPath
C:/Users/Gonzalo/Desktop/Proyectos Unity/FPS Microgame
-logFile
Logs/AssetImportWorker0.log
-srvPort
50762
Successfully changed project path to: C:/Users/Gonzalo/Desktop/Proyectos Unity/FPS Microgame
C:/Users/Gonzalo/Desktop/Proyectos Unity/FPS Microgame
Using Asset Import Pipeline V2.
Refreshing native plugins compatible for Editor in 86.15 ms, found 2 plugins.
Preloading 0 native plugins for Editor in 0.00 ms.
Initialize engine version: 2020.3.16f1 (049d6eca3c44)
[Subsystems] Discovering subsystems at path C:/Program Files/Unity/2020.3.16f1/Editor/Data/Resources/UnitySubsystems
[Subsystems] Discovering subsystems at path C:/Users/Gonzalo/Desktop/Proyectos Unity/FPS Microgame/Assets
GfxDevice: creating device client; threaded=0
Direct3D:
    Version:  Direct3D 11.0 [level 11.0]
    Renderer: NVIDIA GeForce GT 520 (ID=0x1040)
    Vendor:   
    VRAM:     1989 MB
    Driver:   23.21.13.9135
Initialize mono
Mono path[0] = 'C:/Program Files/Unity/2020.3.16f1/Editor/Data/Managed'
Mono path[1] = 'C:/Program Files/Unity/2020.3.16f1/Editor/Data/MonoBleedingEdge/lib/mono/unityjit'
Mono config path = 'C:/Program Files/Unity/2020.3.16f1/Editor/Data/MonoBleedingEdge/etc'
Using monoOptions --debugger-agent=transport=dt_socket,embedding=1,server=y,suspend=n,address=127.0.0.1:56744
Begin MonoManager ReloadAssembly
Registering precompiled unity dll's ...
Register platform support module: C:/Program Files/Unity/2020.3.16f1/Editor/Data/PlaybackEngines/WindowsStandaloneSupport/UnityEditor.WindowsStandalone.Extensions.dll
Registered in 0.003048 seconds.
Native extension for WindowsStandalone target not found
Refreshing native plugins compatible for Editor in 85.83 ms, found 2 plugins.
Preloading 0 native plugins for Editor in 0.00 ms.
Mono: successfully reloaded assembly
- Completed reload, in  3.397 seconds
Domain Reload Profiling:
	ReloadAssembly (3398ms)
		BeginReloadAssembly (117ms)
			ExecutionOrderSort (0ms)
			DisableScriptedObjects (0ms)
			BackupInstance (0ms)
			ReleaseScriptingObjects (0ms)
			CreateAndSetChildDomain (1ms)
		EndReloadAssembly (917ms)
			LoadAssemblies (114ms)
			RebuildTransferFunctionScriptingTraits (0ms)
			SetupTypeCache (270ms)
			ReleaseScriptCaches (0ms)
			RebuildScriptCaches (62ms)
			SetupLoadedEditorAssemblies (454ms)
				LogAssemblyErrors (0ms)
				InitializePlatformSupportModulesInManaged (6ms)
				SetLoadedEditorAssemblies (0ms)
				RefreshPlugins (86ms)
				BeforeProcessingInitializeOnLoad (43ms)
				ProcessInitializeOnLoadAttributes (249ms)
				ProcessInitializeOnLoadMethodAttributes (69ms)
				AfterProcessingInitializeOnLoad (0ms)
				EditorAssembliesLoaded (0ms)
			ExecutionOrderSort2 (0ms)
			AwakeInstancesAfterBackupRestoration (0ms)
Platform modules already initialized, skipping
Registering precompiled user dll's ...
Registered in 0.007212 seconds.
Begin MonoManager ReloadAssembly
Native extension for WindowsStandalone target not found
Refreshing native plugins compatible for Editor in 0.97 ms, found 2 plugins.
Preloading 0 native plugins for Editor in 0.00 ms.
Mono: successfully reloaded assembly
- Completed reload, in  2.092 seconds
Domain Reload Profiling:
	ReloadAssembly (2094ms)
		BeginReloadAssembly (234ms)
			ExecutionOrderSort (0ms)
			DisableScriptedObjects (8ms)
			BackupInstance (0ms)
			ReleaseScriptingObjects (0ms)
			CreateAndSetChildDomain (25ms)
		EndReloadAssembly (1752ms)
			LoadAssemblies (155ms)
			RebuildTransferFunctionScriptingTraits (0ms)
			SetupTypeCache (507ms)
			ReleaseScriptCaches (2ms)
			RebuildScriptCaches (138ms)
			SetupLoadedEditorAssemblies (773ms)
				LogAssemblyErrors (0ms)
				InitializePlatformSupportModulesInManaged (8ms)
				SetLoadedEditorAssemblies (1ms)
				RefreshPlugins (1ms)
				BeforeProcessingInitializeOnLoad (188ms)
				ProcessInitializeOnLoadAttributes (558ms)
				ProcessInitializeOnLoadMethodAttributes (7ms)
				AfterProcessingInitializeOnLoad (10ms)
				EditorAssembliesLoaded (0ms)
			ExecutionOrderSort2 (0ms)
			AwakeInstancesAfterBackupRestoration (10ms)
Platform modules already initialized, skipping
========================================================================
Worker process is ready to serve import requests
Launched and connected shader compiler UnityShaderCompiler.exe after 0.12 seconds
Refreshing native plugins compatible for Editor in 0.92 ms, found 2 plugins.
Preloading 0 native plugins for Editor in 0.00 ms.
Unloading 2039 Unused Serialized files (Serialized files now loaded: 0)
System memory in use before: 91.0 MB.
System memory in use after: 91.1 MB.

Unloading 20 unused Assets to reduce memory usage. Loaded Objects now: 2472.
Total: 4.545300 ms (FindLiveObjects: 0.222800 ms CreateObjectMapping: 0.100000 ms MarkObjects: 4.088200 ms  DeleteObjects: 0.132400 ms)

AssetImportParameters requested are different than current active one (requested -> active):
  custom:framework-win-MediaFoundation: 216162199b28c13a410421893ffa2e32 -> 
  custom:video-decoder-ogg-theora: a1e56fd34408186e4bbccfd4996cb3dc -> 
  custom:container-muxer-webm: aa71ff27fc2769a1b78a27578f13a17b -> 
  custom:container-demuxer-webm: 4f35f7cbe854078d1ac9338744f61a02 -> 
  custom:container-demuxer-ogg: 62fdf1f143b41e24485cea50d1cbac27 -> 
  custom:video-encoder-webm-vp8: eb34c28f22e8b96e1ab97ce403110664 -> 
  custom:video-decoder-webm-vp8: 9c59270c3fd7afecdb556c50c9e8de78 -> 
  custom:audio-decoder-ogg-vorbis: bf7c407c2cedff20999df2af8eb42d56 -> 
  custom:audio-encoder-webm-vorbis: bf7c407c2cedff20999df2af8eb42d56 -> 
========================================================================
Received Import Request.
  path: Assets/FPS/Animation/Controllers
  artifactKey: Guid(aab2afd524659094b8683c98af2815d2) Importer(815301076,1909f56bfc062723c751e8b465ee728b)
Start importing Assets/FPS/Animation/Controllers using Guid(aab2afd524659094b8683c98af2815d2) Importer(815301076,1909f56bfc062723c751e8b465ee728b)  -> (artifact id: '558d64dcf0693419ca63aa4e96c190a7') in 0.015177 seconds 
  Import took 0.019929 seconds .

========================================================================
Received Import Request.
  Time since last request: 0.000056 seconds.
  path: Assets/FPS
  artifactKey: Guid(50cf0c09de57fb64db657a17fd2dfc67) Importer(815301076,1909f56bfc062723c751e8b465ee728b)
Start importing Assets/FPS using Guid(50cf0c09de57fb64db657a17fd2dfc67) Importer(815301076,1909f56bfc062723c751e8b465ee728b)  -> (artifact id: 'aaea661f0af671723d7f1f9b9143a4fc') in 0.034189 seconds 
  Import took 0.038454 seconds .

========================================================================
Received Import Request.
  Time since last request: 0.000241 seconds.
  path: Assets/FPS/Animation
  artifactKey: Guid(1196d99c6d2bcd143a6841927e1edab1) Importer(815301076,1909f56bfc062723c751e8b465ee728b)
Start importing Assets/FPS/Animation using Guid(1196d99c6d2bcd143a6841927e1edab1) Importer(815301076,1909f56bfc062723c751e8b465ee728b)  -> (artifact id: '26c17f4b01d60ddfdd3f5950167b51dc') in 0.033359 seconds 
  Import took 0.055402 seconds .

========================================================================
Received Import Request.
  Time since last request: 0.000240 seconds.
  path: Assets/FPS/Animation/Controllers/HoverBot_AnimationController.controller
  artifactKey: Guid(e029e430e913b374387843833ab0b593) Importer(815301076,1909f56bfc062723c751e8b465ee728b)
Start importing Assets/FPS/Animation/Controllers/HoverBot_AnimationController.controller using Guid(e029e430e913b374387843833ab0b593) Importer(815301076,1909f56bfc062723c751e8b465ee728b)  -> (artifact id: 'a53ef6d7bd83ae583e24816cf2f42771') in 0.077897 seconds 
  Import took 0.093212 seconds .

========================================================================
Received Import Request.
  Time since last request: 7.768770 seconds.
  path: Assets/FPS/Animation/Controllers/Turret_AnimationController.controller
  artifactKey: Guid(d57ebae9f701b57448648b380d0beb65) Importer(815301076,1909f56bfc062723c751e8b465ee728b)
Start importing Assets/FPS/Animation/Controllers/Turret_AnimationController.controller using Guid(d57ebae9f701b57448648b380d0beb65) Importer(815301076,1909f56bfc062723c751e8b465ee728b)  -> (artifact id: '5c20fae96f8a865662971f0eaaad96c8') in 0.021955 seconds 
  Import took 0.027269 seconds .

========================================================================
Received Import Request.
  Time since last request: 31.052452 seconds.
  path: Assets/FPS/Animation/HoverBot/HoverBot@Alerted.fbx
  artifactKey: Guid(d21446ed42271994d97223de428c84f6) Importer(815301076,1909f56bfc062723c751e8b465ee728b)
Start importing Assets/FPS/Animation/HoverBot/HoverBot@Alerted.fbx using Guid(d21446ed42271994d97223de428c84f6) Importer(815301076,1909f56bfc062723c751e8b465ee728b)  -> (artifact id: '98185afcc2d34fa03ca2af16fb5ade8a') in 0.165871 seconds 
  Import took 0.171632 seconds .

========================================================================
Received Import Request.
  Time since last request: 0.000233 seconds.
  path: Assets/FPS/Animation/HoverBot/HoverBot@Hurt.fbx
  artifactKey: Guid(d4c6e776733ed444c81b0b76a8610f82) Importer(815301076,1909f56bfc062723c751e8b465ee728b)
Start importing Assets/FPS/Animation/HoverBot/HoverBot@Hurt.fbx using Guid(d4c6e776733ed444c81b0b76a8610f82) Importer(815301076,1909f56bfc062723c751e8b465ee728b)  -> (artifact id: '1c79b87a213c44a21f337e87111c34a0') in 0.038046 seconds 
  Import took 0.046012 seconds .

========================================================================
Received Import Request.
  Time since last request: 0.000237 seconds.
  path: Assets/FPS/Animation/HoverBot/HoverBot@RunFoward.fbx
  artifactKey: Guid(77af6154680218844a53b30c3371260a) Importer(815301076,1909f56bfc062723c751e8b465ee728b)
Start importing Assets/FPS/Animation/HoverBot/HoverBot@RunFoward.fbx using Guid(77af6154680218844a53b30c3371260a) Importer(815301076,1909f56bfc062723c751e8b465ee728b)  -> (artifact id: 'cfac2dbd70ac1751b919c4e0174ba321') in 0.041829 seconds 
  Import took 0.046848 seconds .

========================================================================
Received Import Request.
  Time since last request: 0.000252 seconds.
  path: Assets/FPS/Animation/HoverBot/HoverBot@Idle.fbx
  artifactKey: Guid(3be261ac1630597489399d009e904045) Importer(815301076,1909f56bfc062723c751e8b465ee728b)
Start importing Assets/FPS/Animation/HoverBot/HoverBot@Idle.fbx using Guid(3be261ac1630597489399d009e904045) Importer(815301076,1909f56bfc062723c751e8b465ee728b)  -> (artifact id: '7d7e4a1d682dd857b7a7c0a485c60ba9') in 0.035800 seconds 
  Import took 0.044014 seconds .

========================================================================
Received Import Request.
  Time since last request: 0.000257 seconds.
  path: Assets/FPS/Animation/HoverBot/HoverBot@IdleClosed.fbx
  artifactKey: Guid(66088e9cde32b5344b49394a051595d4) Importer(815301076,1909f56bfc062723c751e8b465ee728b)
Start importing Assets/FPS/Animation/HoverBot/HoverBot@IdleClosed.fbx using Guid(66088e9cde32b5344b49394a051595d4) Importer(815301076,1909f56bfc062723c751e8b465ee728b)  -> (artifact id: 'b019c762f2b70c3ee52c89ffbb9b3992') in 0.034428 seconds 
  Import took 0.040533 seconds .

========================================================================
Received Import Request.
  Time since last request: 0.533341 seconds.
  path: Assets/FPS/Animation/Masks/HoverBot.mask
  artifactKey: Guid(05f902747d9ff7548b022736b1592f33) Importer(815301076,1909f56bfc062723c751e8b465ee728b)
Start importing Assets/FPS/Animation/Masks/HoverBot.mask using Guid(05f902747d9ff7548b022736b1592f33) Importer(815301076,1909f56bfc062723c751e8b465ee728b)  -> (artifact id: '001da101212855b3ab4f40991d7c8b98') in 0.013546 seconds 
  Import took 0.017995 seconds .

========================================================================
Received Import Request.
  Time since last request: 0.000509 seconds.
  path: Assets/FPS/Animation/Masks/Turret.mask
  artifactKey: Guid(9e44403db5ac31c46a4307c9dec6d6b1) Importer(815301076,1909f56bfc062723c751e8b465ee728b)
Start importing Assets/FPS/Animation/Masks/Turret.mask using Guid(9e44403db5ac31c46a4307c9dec6d6b1) Importer(815301076,1909f56bfc062723c751e8b465ee728b)  -> (artifact id: '4b385697f2731c7b2fbea2e6e620a8a8') in 0.030618 seconds 
  Import took 0.037360 seconds .

========================================================================
Received Import Request.
  Time since last request: 0.464085 seconds.
  path: Assets/FPS/Animation/Rigs/HoverBot.fbx
  artifactKey: Guid(8e64c7aa328349d4ea713298f19a414f) Importer(815301076,1909f56bfc062723c751e8b465ee728b)
Start importing Assets/FPS/Animation/Rigs/HoverBot.fbx using Guid(8e64c7aa328349d4ea713298f19a414f) Importer(815301076,1909f56bfc062723c751e8b465ee728b)  -> (artifact id: 'bc86e856a5bdb101cd74e273a4a876f2') in 0.457092 seconds 
  Import took 0.463094 seconds .

========================================================================
Received Import Request.
  Time since last request: 0.000249 seconds.
  path: Assets/FPS/Animation/Rigs/Turret.fbx
  artifactKey: Guid(fad35a70731ab804c975c717ee8862a5) Importer(815301076,1909f56bfc062723c751e8b465ee728b)
Start importing Assets/FPS/Animation/Rigs/Turret.fbx using Guid(fad35a70731ab804c975c717ee8862a5) Importer(815301076,1909f56bfc062723c751e8b465ee728b)  -> (artifact id: 'd05526bb789c11a9d3120d77114e8d58') in 0.101891 seconds 
  Import took 0.106998 seconds .

========================================================================
Received Import Request.
  Time since last request: 16.498588 seconds.
  path: Assets/FPS/Scenes/MainScene
  artifactKey: Guid(1d9ed06e145631d47906ce2c79b84f8e) Importer(815301076,1909f56bfc062723c751e8b465ee728b)
Start importing Assets/FPS/Scenes/MainScene using Guid(1d9ed06e145631d47906ce2c79b84f8e) Importer(815301076,1909f56bfc062723c751e8b465ee728b)  -> (artifact id: '9670762e2c04e3aa57b9fa219f884583') in 0.014929 seconds 
  Import took 0.022303 seconds .

========================================================================
Received Import Request.
  Time since last request: 0.100779 seconds.
  path: Assets/FPS/Scenes/MainScene/NavMesh-NavMeshSurface 1.asset
  artifactKey: Guid(87ef3aeeedf264488aba750ca9202cd5) Importer(815301076,1909f56bfc062723c751e8b465ee728b)
Start importing Assets/FPS/Scenes/MainScene/NavMesh-NavMeshSurface 1.asset using Guid(87ef3aeeedf264488aba750ca9202cd5) Importer(815301076,1909f56bfc062723c751e8b465ee728b)  -> (artifact id: '64cdad84b27469e71c7c7d34c7e81108') in 0.017331 seconds 
  Import took 0.022178 seconds .

========================================================================
Received Import Request.
  Time since last request: 0.000292 seconds.
  path: Assets/FPS/Scenes/MainScene/NavMesh-NavMeshSurface 2.asset
  artifactKey: Guid(127238512233a4645994c52c2d3f8918) Importer(815301076,1909f56bfc062723c751e8b465ee728b)
Start importing Assets/FPS/Scenes/MainScene/NavMesh-NavMeshSurface 2.asset using Guid(127238512233a4645994c52c2d3f8918) Importer(815301076,1909f56bfc062723c751e8b465ee728b)  -> (artifact id: '1ce7b4769eb3e620b30418cb0d7638a8') in 0.029589 seconds 
  Import took 0.034475 seconds .

========================================================================
Received Import Request.
  Time since last request: 0.000281 seconds.
  path: Assets/FPS/Scenes/MainScene/NavMesh-NavMeshSurface.asset
  artifactKey: Guid(9b48a92232152497aa9d16b7496ae527) Importer(815301076,1909f56bfc062723c751e8b465ee728b)
Start importing Assets/FPS/Scenes/MainScene/NavMesh-NavMeshSurface.asset using Guid(9b48a92232152497aa9d16b7496ae527) Importer(815301076,1909f56bfc062723c751e8b465ee728b)  -> (artifact id: '0102fe6425f3a8c17aa3bf8eeeb447ae') in 0.024882 seconds 
  Import took 0.034621 seconds .

========================================================================
Received Import Request.
  Time since last request: 0.000054 seconds.
  path: Assets/FPS/Scenes/MainScene/NavMesh-NavMeshSurface 3.asset
  artifactKey: Guid(015a2e17ea71c42f88a867caaa47823d) Importer(815301076,1909f56bfc062723c751e8b465ee728b)
Start importing Assets/FPS/Scenes/MainScene/NavMesh-NavMeshSurface 3.asset using Guid(015a2e17ea71c42f88a867caaa47823d) Importer(815301076,1909f56bfc062723c751e8b465ee728b)  -> (artifact id: '6a1e472cdd06d69c9cb7054d2bc9442c') in 0.021805 seconds 
  Import took 0.030270 seconds .

========================================================================
Received Import Request.
  Time since last request: 0.000269 seconds.
  path: Assets/FPS/Scenes/MainScene/ReflectionProbe-2.exr
  artifactKey: Guid(1856399bb99be4649b846011c106f00c) Importer(815301076,1909f56bfc062723c751e8b465ee728b)
Start importing Assets/FPS/Scenes/MainScene/ReflectionProbe-2.exr using Guid(1856399bb99be4649b846011c106f00c) Importer(815301076,1909f56bfc062723c751e8b465ee728b)  -> (artifact id: 'e8d4782c38e6cacd974ab89d66bc7cad') in 0.076299 seconds 
  Import took 0.081143 seconds .

========================================================================
Received Import Request.
  Time since last request: 10.455907 seconds.
  path: Assets/FPS/Scenes/MainScene.unity
  artifactKey: Guid(d794a2ef8ba31d847ad3c19d03e2ddb9) Importer(815301076,1909f56bfc062723c751e8b465ee728b)
Start importing Assets/FPS/Scenes/MainScene.unity using Guid(d794a2ef8ba31d847ad3c19d03e2ddb9) Importer(815301076,1909f56bfc062723c751e8b465ee728b)  -> (artifact id: '191ffcd24e29177088e0b8dc48340143') in 0.012908 seconds 
  Import took 0.018163 seconds .

========================================================================
Received Import Request.
  Time since last request: 31.940854 seconds.
  path: Assets/FPS/Scenes/IntroMenu.unity
  artifactKey: Guid(56e3faabc5bb30f49a68bb8f1292f988) Importer(815301076,1909f56bfc062723c751e8b465ee728b)
Start importing Assets/FPS/Scenes/IntroMenu.unity using Guid(56e3faabc5bb30f49a68bb8f1292f988) Importer(815301076,1909f56bfc062723c751e8b465ee728b)  -> (artifact id: 'a04774ff267cbfc7ce45e4e51eb3e765') in 0.012109 seconds 
  Import took 0.019357 seconds .

========================================================================
Received Prepare
Registering precompiled user dll's ...
Registered in 0.033723 seconds.
Begin MonoManager ReloadAssembly
Native extension for WindowsStandalone target not found
Refreshing native plugins compatible for Editor in 1.06 ms, found 2 plugins.
Preloading 0 native plugins for Editor in 0.00 ms.
Mono: successfully reloaded assembly
- Completed reload, in  5.273 seconds
Domain Reload Profiling:
	ReloadAssembly (5274ms)
		BeginReloadAssembly (1683ms)
			ExecutionOrderSort (0ms)
			DisableScriptedObjects (320ms)
			BackupInstance (0ms)
			ReleaseScriptingObjects (0ms)
			CreateAndSetChildDomain (220ms)
		EndReloadAssembly (3231ms)
			LoadAssemblies (1062ms)
			RebuildTransferFunctionScriptingTraits (0ms)
			SetupTypeCache (1599ms)
			ReleaseScriptCaches (2ms)
			RebuildScriptCaches (117ms)
			SetupLoadedEditorAssemblies (888ms)
				LogAssemblyErrors (0ms)
				InitializePlatformSupportModulesInManaged (9ms)
				SetLoadedEditorAssemblies (1ms)
				RefreshPlugins (1ms)
				BeforeProcessingInitializeOnLoad (263ms)
				ProcessInitializeOnLoadAttributes (596ms)
				ProcessInitializeOnLoadMethodAttributes (7ms)
				AfterProcessingInitializeOnLoad (10ms)
				EditorAssembliesLoaded (0ms)
			ExecutionOrderSort2 (0ms)
			AwakeInstancesAfterBackupRestoration (11ms)
Platform modules already initialized, skipping
Refreshing native plugins compatible for Editor in 0.70 ms, found 2 plugins.
Preloading 0 native plugins for Editor in 0.00 ms.
Unloading 1999 Unused Serialized files (Serialized files now loaded: 0)
System memory in use before: 104.6 MB.
System memory in use after: 104.7 MB.

Unloading 15 unused Assets to reduce memory usage. Loaded Objects now: 2510.
Total: 5.747400 ms (FindLiveObjects: 0.560500 ms CreateObjectMapping: 0.114400 ms MarkObjects: 4.928700 ms  DeleteObjects: 0.141400 ms)

AssetImportParameters requested are different than current active one (requested -> active):
  custom:framework-win-MediaFoundation: 216162199b28c13a410421893ffa2e32 -> 
  custom:video-decoder-ogg-theora: a1e56fd34408186e4bbccfd4996cb3dc -> 
  custom:container-muxer-webm: aa71ff27fc2769a1b78a27578f13a17b -> 
  custom:container-demuxer-webm: 4f35f7cbe854078d1ac9338744f61a02 -> 
  custom:container-demuxer-ogg: 62fdf1f143b41e24485cea50d1cbac27 -> 
  custom:video-encoder-webm-vp8: eb34c28f22e8b96e1ab97ce403110664 -> 
  custom:video-decoder-webm-vp8: 9c59270c3fd7afecdb556c50c9e8de78 -> 
  custom:audio-decoder-ogg-vorbis: bf7c407c2cedff20999df2af8eb42d56 -> 
  custom:audio-encoder-webm-vorbis: bf7c407c2cedff20999df2af8eb42d56 -> 
========================================================================
Received Import Request.
  Time since last request: 598.435683 seconds.
  path: Assets/FPS/Prefabs/Projectiles/Projectile_Hoverbot.prefab
  artifactKey: Guid(ec753d54f333bb944b8b04884ad63828) Importer(815301076,1909f56bfc062723c751e8b465ee728b)
Start importing Assets/FPS/Prefabs/Projectiles/Projectile_Hoverbot.prefab using Guid(ec753d54f333bb944b8b04884ad63828) Importer(815301076,1909f56bfc062723c751e8b465ee728b)  -> (artifact id: 'd90b4c7afffcf6768275a1dd9e1e8aab') in 0.157288 seconds 
  Import took 0.170351 seconds .

========================================================================
Received Import Request.
  Time since last request: 0.000246 seconds.
  path: Assets/FPS/Prefabs/Projectiles/Projectile_Shotgun.prefab
  artifactKey: Guid(f05c7e6fbbfbe824388456bb4abff9d4) Importer(815301076,1909f56bfc062723c751e8b465ee728b)
Start importing Assets/FPS/Prefabs/Projectiles/Projectile_Shotgun.prefab using Guid(f05c7e6fbbfbe824388456bb4abff9d4) Importer(815301076,1909f56bfc062723c751e8b465ee728b)  -> (artifact id: 'b9af7650995d7f9df00d39f6004147a0') in 0.057789 seconds 
  Import took 0.063257 seconds .

========================================================================
Received Import Request.
  Time since last request: 0.000233 seconds.
  path: Assets/FPS/Prefabs/Projectiles
  artifactKey: Guid(515c825cf8783a4478e533bc8620ab12) Importer(815301076,1909f56bfc062723c751e8b465ee728b)
Start importing Assets/FPS/Prefabs/Projectiles using Guid(515c825cf8783a4478e533bc8620ab12) Importer(815301076,1909f56bfc062723c751e8b465ee728b)  -> (artifact id: 'cdfbe2eba09a06e826d48fd340cac51e') in 0.048453 seconds 
  Import took 0.055272 seconds .

========================================================================
Received Import Request.
  Time since last request: 0.000821 seconds.
  path: Assets/FPS/Prefabs/Projectiles/Projectile_Turret.prefab
  artifactKey: Guid(154bfb4989fe16d439e8f3fb7c20b72b) Importer(815301076,1909f56bfc062723c751e8b465ee728b)
Start importing Assets/FPS/Prefabs/Projectiles/Projectile_Turret.prefab using Guid(154bfb4989fe16d439e8f3fb7c20b72b) Importer(815301076,1909f56bfc062723c751e8b465ee728b)  -> (artifact id: 'e8bf0509fd5729ea0b27f5c9ec7c2525') in 0.096599 seconds 
  Import took 0.104929 seconds .

========================================================================
Received Import Request.
  Time since last request: 4.957904 seconds.
  path: Assets/FPS/Prefabs/RootObjects/OBJAltar.obj
  artifactKey: Guid(5e2d72411753da244851ae358f741a58) Importer(815301076,1909f56bfc062723c751e8b465ee728b)
Start importing Assets/FPS/Prefabs/RootObjects/OBJAltar.obj using Guid(5e2d72411753da244851ae358f741a58) Importer(815301076,1909f56bfc062723c751e8b465ee728b)  -> (artifact id: 'edfde69632e6a044846188ea109930b7') in 0.098820 seconds 
  Import took 0.104080 seconds .

========================================================================
Received Import Request.
  Time since last request: 0.000237 seconds.
  path: Assets/FPS/Prefabs/RootObjects/OBJDun_BigDoor.obj
  artifactKey: Guid(be360768de4eef5438409a0ecb7effcc) Importer(815301076,1909f56bfc062723c751e8b465ee728b)
Start importing Assets/FPS/Prefabs/RootObjects/OBJDun_BigDoor.obj using Guid(be360768de4eef5438409a0ecb7effcc) Importer(815301076,1909f56bfc062723c751e8b465ee728b)  -> (artifact id: '8312722f1f144cbdb5466ed6103be739') in 0.079149 seconds 
  Import took 0.083828 seconds .

========================================================================
Received Import Request.
  Time since last request: 0.000237 seconds.
  path: Assets/FPS/Prefabs/RootObjects/OBJBasic_Floor.obj
  artifactKey: Guid(b509642794356c148aba47d93d0e517f) Importer(815301076,1909f56bfc062723c751e8b465ee728b)
Start importing Assets/FPS/Prefabs/RootObjects/OBJBasic_Floor.obj using Guid(b509642794356c148aba47d93d0e517f) Importer(815301076,1909f56bfc062723c751e8b465ee728b)  -> (artifact id: 'f75c59225d5d7922a0afbe6eab885926') in 0.079613 seconds 
  Import took 0.084242 seconds .

========================================================================
Received Import Request.
  Time since last request: 1.482102 seconds.
  path: Assets/FPS/Prefabs/UI/CompassMarkerObjective.prefab
  artifactKey: Guid(17f7957746eb62b4fa1ebe22ad280c34) Importer(815301076,1909f56bfc062723c751e8b465ee728b)
Start importing Assets/FPS/Prefabs/UI/CompassMarkerObjective.prefab using Guid(17f7957746eb62b4fa1ebe22ad280c34) Importer(815301076,1909f56bfc062723c751e8b465ee728b)  -> (artifact id: 'c9d4814653a29f497b9b1479bf6cf733') in 0.056495 seconds 
  Import took 0.064008 seconds .

========================================================================
Received Import Request.
  Time since last request: 0.000104 seconds.
  path: Assets/FPS/Prefabs/UI/NotificationToast.prefab
  artifactKey: Guid(791e30b832d8b814c82d519317a16e6d) Importer(815301076,1909f56bfc062723c751e8b465ee728b)
Start importing Assets/FPS/Prefabs/UI/NotificationToast.prefab using Guid(791e30b832d8b814c82d519317a16e6d) Importer(815301076,1909f56bfc062723c751e8b465ee728b)  -> (artifact id: '374826bfa11bfc325705b71f1f186595') in 0.085307 seconds 
  Import took 0.130671 seconds .

========================================================================
Received Import Request.
  Time since last request: 0.000613 seconds.
  path: Assets/FPS/Prefabs/UI/InGameMenu.prefab
  artifactKey: Guid(08dec1e68a552c649889571e90fa7b2d) Importer(815301076,1909f56bfc062723c751e8b465ee728b)
Start importing Assets/FPS/Prefabs/UI/InGameMenu.prefab using Guid(08dec1e68a552c649889571e90fa7b2d) Importer(815301076,1909f56bfc062723c751e8b465ee728b)  -> (artifact id: '656866fb2b35e1207a7c59048c5415fd') in 0.119943 seconds 
  Import took 0.125037 seconds .

========================================================================
Received Import Request.
  Time since last request: 0.000249 seconds.
  path: Assets/FPS/Prefabs/UI/GameHUD.prefab
  artifactKey: Guid(7ff14361843237d43afc85e1cb16e295) Importer(815301076,1909f56bfc062723c751e8b465ee728b)
Start importing Assets/FPS/Prefabs/UI/GameHUD.prefab using Guid(7ff14361843237d43afc85e1cb16e295) Importer(815301076,1909f56bfc062723c751e8b465ee728b)  -> (artifact id: '61d5da40657235e5a20b92673d2cc277') in 0.108788 seconds 
  Import took 0.115092 seconds .

========================================================================
Received Import Request.
  Time since last request: 0.000252 seconds.
  path: Assets/FPS/Prefabs/UI/GameMessageGeneric.prefab
  artifactKey: Guid(dbfc7742a2f49bf42a9a012e4ec4b773) Importer(815301076,1909f56bfc062723c751e8b465ee728b)
Start importing Assets/FPS/Prefabs/UI/GameMessageGeneric.prefab using Guid(dbfc7742a2f49bf42a9a012e4ec4b773) Importer(815301076,1909f56bfc062723c751e8b465ee728b)  -> (artifact id: 'eefb0287ded90b5a410df8baa0ca653a') in 0.053972 seconds 
  Import took 0.059743 seconds .

========================================================================
Received Import Request.
  Time since last request: 0.021490 seconds.
  path: Assets/FPS/Prefabs/UI/GameMessageGeneric.prefab
  artifactKey: Guid(dbfc7742a2f49bf42a9a012e4ec4b773) Importer(815301076,1909f56bfc062723c751e8b465ee728b)
Start importing Assets/FPS/Prefabs/UI/GameMessageGeneric.prefab using Guid(dbfc7742a2f49bf42a9a012e4ec4b773) Importer(815301076,1909f56bfc062723c751e8b465ee728b)  -> (artifact id: 'eefb0287ded90b5a410df8baa0ca653a') in 0.022292 seconds 
  Import took 0.035509 seconds .

========================================================================
Received Import Request.
  Time since last request: 3.313017 seconds.
  path: Assets/FPS/Prefabs/UI/ObjectiveToastPrimary.prefab
  artifactKey: Guid(825d6b0d7b3a7394a9f51c7b6900c135) Importer(815301076,1909f56bfc062723c751e8b465ee728b)
Start importing Assets/FPS/Prefabs/UI/ObjectiveToastPrimary.prefab using Guid(825d6b0d7b3a7394a9f51c7b6900c135) Importer(815301076,1909f56bfc062723c751e8b465ee728b)  -> (artifact id: 'f3969eb6e1f08d9551416834d87857a1') in 0.029017 seconds 
  Import took 0.039160 seconds .

========================================================================
Received Import Request.
  Time since last request: 0.124438 seconds.
  path: Assets/FPS/Prefabs/UI/ObjectiveToastSecondary.prefab
  artifactKey: Guid(418abff609b9b754ba25e34faf58edf4) Importer(815301076,1909f56bfc062723c751e8b465ee728b)
Start importing Assets/FPS/Prefabs/UI/ObjectiveToastSecondary.prefab using Guid(418abff609b9b754ba25e34faf58edf4) Importer(815301076,1909f56bfc062723c751e8b465ee728b)  -> (artifact id: 'd2bc2fc6b2af50e0386b7c393dcc5127') in 0.038311 seconds 
  Import took 0.043948 seconds .

========================================================================
Received Import Request.
  Time since last request: 0.277803 seconds.
  path: Assets/FPS/Prefabs/UI/WinGameMessage.prefab
  artifactKey: Guid(f981094eb6c2a6f4f8a56f85c606e3d1) Importer(815301076,1909f56bfc062723c751e8b465ee728b)
Start importing Assets/FPS/Prefabs/UI/WinGameMessage.prefab using Guid(f981094eb6c2a6f4f8a56f85c606e3d1) Importer(815301076,1909f56bfc062723c751e8b465ee728b)  -> (artifact id: '57750c0e76ccd6a46ace5dec28183a5a') in 0.038938 seconds 
  Import took 0.044015 seconds .

========================================================================
Received Prepare
Registering precompiled user dll's ...
Registered in 0.007811 seconds.
Begin MonoManager ReloadAssembly
Native extension for WindowsStandalone target not found
Refreshing native plugins compatible for Editor in 1.15 ms, found 2 plugins.
Preloading 0 native plugins for Editor in 0.00 ms.
Mono: successfully reloaded assembly
- Completed reload, in  2.348 seconds
Domain Reload Profiling:
	ReloadAssembly (2348ms)
		BeginReloadAssembly (405ms)
			ExecutionOrderSort (0ms)
			DisableScriptedObjects (7ms)
			BackupInstance (0ms)
			ReleaseScriptingObjects (0ms)
			CreateAndSetChildDomain (250ms)
		EndReloadAssembly (1839ms)
			LoadAssemblies (165ms)
			RebuildTransferFunctionScriptingTraits (0ms)
			SetupTypeCache (599ms)
			ReleaseScriptCaches (2ms)
			RebuildScriptCaches (138ms)
			SetupLoadedEditorAssemblies (696ms)
				LogAssemblyErrors (0ms)
				InitializePlatformSupportModulesInManaged (8ms)
				SetLoadedEditorAssemblies (4ms)
				RefreshPlugins (2ms)
				BeforeProcessingInitializeOnLoad (145ms)
				ProcessInitializeOnLoadAttributes (520ms)
				ProcessInitializeOnLoadMethodAttributes (7ms)
				AfterProcessingInitializeOnLoad (11ms)
				EditorAssembliesLoaded (0ms)
			ExecutionOrderSort2 (0ms)
			AwakeInstancesAfterBackupRestoration (13ms)
Platform modules already initialized, skipping
Refreshing native plugins compatible for Editor in 0.79 ms, found 2 plugins.
Preloading 0 native plugins for Editor in 0.00 ms.
Unloading 1999 Unused Serialized files (Serialized files now loaded: 0)
System memory in use before: 104.9 MB.
System memory in use after: 105.0 MB.

Unloading 19 unused Assets to reduce memory usage. Loaded Objects now: 2524.
Total: 4.641700 ms (FindLiveObjects: 0.272800 ms CreateObjectMapping: 0.150900 ms MarkObjects: 4.110500 ms  DeleteObjects: 0.104900 ms)

AssetImportParameters requested are different than current active one (requested -> active):
  custom:framework-win-MediaFoundation: 216162199b28c13a410421893ffa2e32 -> 
  custom:video-decoder-ogg-theora: a1e56fd34408186e4bbccfd4996cb3dc -> 
  custom:container-muxer-webm: aa71ff27fc2769a1b78a27578f13a17b -> 
  custom:container-demuxer-webm: 4f35f7cbe854078d1ac9338744f61a02 -> 
  custom:container-demuxer-ogg: 62fdf1f143b41e24485cea50d1cbac27 -> 
  custom:video-encoder-webm-vp8: eb34c28f22e8b96e1ab97ce403110664 -> 
  custom:video-decoder-webm-vp8: 9c59270c3fd7afecdb556c50c9e8de78 -> 
  custom:audio-decoder-ogg-vorbis: bf7c407c2cedff20999df2af8eb42d56 -> 
  custom:audio-encoder-webm-vorbis: bf7c407c2cedff20999df2af8eb42d56 -> 
========================================================================
Received Import Request.
  Time since last request: 802.445560 seconds.
  path: Assets/Scenes/SampleScene.unity
  artifactKey: Guid(9fc0d4010bbf28b4594072e72b8655ab) Importer(815301076,1909f56bfc062723c751e8b465ee728b)
Start importing Assets/Scenes/SampleScene.unity using Guid(9fc0d4010bbf28b4594072e72b8655ab) Importer(815301076,1909f56bfc062723c751e8b465ee728b)  -> (artifact id: '85059f4f9e1a832ed95adaa0d25c5c4c') in 0.038342 seconds 
  Import took 0.044866 seconds .

========================================================================
Received Prepare
Registering precompiled user dll's ...
Registered in 0.010978 seconds.
Begin MonoManager ReloadAssembly
Native extension for WindowsStandalone target not found
Refreshing native plugins compatible for Editor in 3.05 ms, found 2 plugins.
Preloading 0 native plugins for Editor in 0.00 ms.
Mono: successfully reloaded assembly
- Completed reload, in  4.442 seconds
Domain Reload Profiling:
	ReloadAssembly (4443ms)
		BeginReloadAssembly (666ms)
			ExecutionOrderSort (0ms)
			DisableScriptedObjects (43ms)
			BackupInstance (0ms)
			ReleaseScriptingObjects (0ms)
			CreateAndSetChildDomain (153ms)
		EndReloadAssembly (3404ms)
			LoadAssemblies (517ms)
			RebuildTransferFunctionScriptingTraits (0ms)
			SetupTypeCache (1357ms)
			ReleaseScriptCaches (2ms)
			RebuildScriptCaches (170ms)
			SetupLoadedEditorAssemblies (1067ms)
				LogAssemblyErrors (0ms)
				InitializePlatformSupportModulesInManaged (24ms)
				SetLoadedEditorAssemblies (1ms)
				RefreshPlugins (3ms)
				BeforeProcessingInitializeOnLoad (220ms)
				ProcessInitializeOnLoadAttributes (801ms)
				ProcessInitializeOnLoadMethodAttributes (8ms)
				AfterProcessingInitializeOnLoad (11ms)
				EditorAssembliesLoaded (0ms)
			ExecutionOrderSort2 (0ms)
			AwakeInstancesAfterBackupRestoration (13ms)
Platform modules already initialized, skipping
Refreshing native plugins compatible for Editor in 0.70 ms, found 2 plugins.
Preloading 0 native plugins for Editor in 0.00 ms.
Unloading 2001 Unused Serialized files (Serialized files now loaded: 0)
System memory in use before: 105.0 MB.
System memory in use after: 105.0 MB.

Unloading 15 unused Assets to reduce memory usage. Loaded Objects now: 2528.
Total: 5.038300 ms (FindLiveObjects: 0.220700 ms CreateObjectMapping: 0.098100 ms MarkObjects: 4.629700 ms  DeleteObjects: 0.087500 ms)

AssetImportParameters requested are different than current active one (requested -> active):
  custom:framework-win-MediaFoundation: 216162199b28c13a410421893ffa2e32 -> 
  custom:video-decoder-ogg-theora: a1e56fd34408186e4bbccfd4996cb3dc -> 
  custom:container-muxer-webm: aa71ff27fc2769a1b78a27578f13a17b -> 
  custom:container-demuxer-webm: 4f35f7cbe854078d1ac9338744f61a02 -> 
  custom:container-demuxer-ogg: 62fdf1f143b41e24485cea50d1cbac27 -> 
  custom:video-encoder-webm-vp8: eb34c28f22e8b96e1ab97ce403110664 -> 
  custom:video-decoder-webm-vp8: 9c59270c3fd7afecdb556c50c9e8de78 -> 
  custom:audio-decoder-ogg-vorbis: bf7c407c2cedff20999df2af8eb42d56 -> 
  custom:audio-encoder-webm-vorbis: bf7c407c2cedff20999df2af8eb42d56 -> 
========================================================================
Received Import Request.
  Time since last request: 91.673292 seconds.
  path: Assets/Free UI build package/Art
  artifactKey: Guid(7f0e1c3795e334b57831aad4937e4a76) Importer(815301076,1909f56bfc062723c751e8b465ee728b)
Start importing Assets/Free UI build package/Art using Guid(7f0e1c3795e334b57831aad4937e4a76) Importer(815301076,1909f56bfc062723c751e8b465ee728b)  -> (artifact id: '63a42d1af00c2d8d1a79213299d6fe5b') in 0.034662 seconds 
  Import took 0.040078 seconds .

========================================================================
Received Import Request.
  Time since last request: 3.281110 seconds.
  path: Assets/Free UI build package/Script
  artifactKey: Guid(8e54dec01e55f4547998174484ee95f4) Importer(815301076,1909f56bfc062723c751e8b465ee728b)
Start importing Assets/Free UI build package/Script using Guid(8e54dec01e55f4547998174484ee95f4) Importer(815301076,1909f56bfc062723c751e8b465ee728b)  -> (artifact id: '259b8c796e38af3f343fb2bce921abbc') in 0.018361 seconds 
  Import took 0.027348 seconds .

========================================================================
Received Import Request.
  Time since last request: 3.459032 seconds.
  path: Assets/Free UI build package/Prefabs/Gray
  artifactKey: Guid(fbaca1885395f40cc9c41ae699309aeb) Importer(815301076,1909f56bfc062723c751e8b465ee728b)
Start importing Assets/Free UI build package/Prefabs/Gray using Guid(fbaca1885395f40cc9c41ae699309aeb) Importer(815301076,1909f56bfc062723c751e8b465ee728b)  -> (artifact id: 'cba8b66398431f4c6335f1305283f11a') in 0.025724 seconds 
  Import took 0.031834 seconds .

========================================================================
Received Import Request.
  Time since last request: 4.280255 seconds.
  path: Assets/Free UI build package/Prefabs/Gray/Toggles
  artifactKey: Guid(21987037dbb7d469fbaabfed606b21d2) Importer(815301076,1909f56bfc062723c751e8b465ee728b)
Start importing Assets/Free UI build package/Prefabs/Gray/Toggles using Guid(21987037dbb7d469fbaabfed606b21d2) Importer(815301076,1909f56bfc062723c751e8b465ee728b)  -> (artifact id: '73f064c82779c7586540a2bedd122057') in 0.019727 seconds 
  Import took 0.027689 seconds .

========================================================================
Received Import Request.
  Time since last request: 0.073456 seconds.
  path: Assets/Free UI build package/Prefabs/Gray/Toggles/Toggle_1.prefab
  artifactKey: Guid(e77155f227ae543e79d0513e09253c2e) Importer(815301076,1909f56bfc062723c751e8b465ee728b)
Start importing Assets/Free UI build package/Prefabs/Gray/Toggles/Toggle_1.prefab using Guid(e77155f227ae543e79d0513e09253c2e) Importer(815301076,1909f56bfc062723c751e8b465ee728b)  -> (artifact id: '7c70e4dc10cc6e16a766845528fa79ef') in 0.072555 seconds 
  Import took 0.077405 seconds .

========================================================================
Received Import Request.
  Time since last request: 0.000383 seconds.
  path: Assets/Free UI build package/Prefabs/Gray/Toggles/Toggle_2.prefab
  artifactKey: Guid(93a2bad1fd63c4296bf64b300c131171) Importer(815301076,1909f56bfc062723c751e8b465ee728b)
Start importing Assets/Free UI build package/Prefabs/Gray/Toggles/Toggle_2.prefab using Guid(93a2bad1fd63c4296bf64b300c131171) Importer(815301076,1909f56bfc062723c751e8b465ee728b)  -> (artifact id: 'eacd762fd9f4880e10f6b9fa3d8a8d35') in 0.040699 seconds 
  Import took 0.045490 seconds .

========================================================================
Received Import Request.
  Time since last request: 7.952723 seconds.
  path: Assets/Free UI build package/Demo/ExampelScene_1.unity
  artifactKey: Guid(2548bd7aeca2047ec8b6d50f5d06f50a) Importer(815301076,1909f56bfc062723c751e8b465ee728b)
Start importing Assets/Free UI build package/Demo/ExampelScene_1.unity using Guid(2548bd7aeca2047ec8b6d50f5d06f50a) Importer(815301076,1909f56bfc062723c751e8b465ee728b)  -> (artifact id: '8fd490365f243cd1a317db3cd454944e') in 0.022654 seconds 
  Import took 0.028837 seconds .

========================================================================
Received Import Request.
  Time since last request: 80.445427 seconds.
  path: Assets/Free UI build package/Demo/Gray_scene.unity
  artifactKey: Guid(c448dd6df9eba47b2a84342bf9d8c5b5) Importer(815301076,1909f56bfc062723c751e8b465ee728b)
Start importing Assets/Free UI build package/Demo/Gray_scene.unity using Guid(c448dd6df9eba47b2a84342bf9d8c5b5) Importer(815301076,1909f56bfc062723c751e8b465ee728b)  -> (artifact id: 'e5521afb3a5374b2831ab8a0a18c9efc') in 0.015604 seconds 
  Import took 0.025083 seconds .

========================================================================
Received Prepare
Registering precompiled user dll's ...
Registered in 0.007377 seconds.
Begin MonoManager ReloadAssembly
Native extension for WindowsStandalone target not found
Refreshing native plugins compatible for Editor in 0.68 ms, found 2 plugins.
Preloading 0 native plugins for Editor in 0.00 ms.
Mono: successfully reloaded assembly
- Completed reload, in  3.137 seconds
Domain Reload Profiling:
	ReloadAssembly (3137ms)
		BeginReloadAssembly (170ms)
			ExecutionOrderSort (0ms)
			DisableScriptedObjects (8ms)
			BackupInstance (0ms)
			ReleaseScriptingObjects (0ms)
			CreateAndSetChildDomain (53ms)
		EndReloadAssembly (2862ms)
			LoadAssemblies (152ms)
			RebuildTransferFunctionScriptingTraits (0ms)
			SetupTypeCache (576ms)
			ReleaseScriptCaches (1ms)
			RebuildScriptCaches (77ms)
			SetupLoadedEditorAssemblies (1869ms)
				LogAssemblyErrors (0ms)
				InitializePlatformSupportModulesInManaged (8ms)
				SetLoadedEditorAssemblies (1ms)
				RefreshPlugins (1ms)
				BeforeProcessingInitializeOnLoad (143ms)
				ProcessInitializeOnLoadAttributes (1695ms)
				ProcessInitializeOnLoadMethodAttributes (8ms)
				AfterProcessingInitializeOnLoad (12ms)
				EditorAssembliesLoaded (0ms)
			ExecutionOrderSort2 (0ms)
			AwakeInstancesAfterBackupRestoration (21ms)
Platform modules already initialized, skipping
Refreshing native plugins compatible for Editor in 0.75 ms, found 2 plugins.
Preloading 0 native plugins for Editor in 0.00 ms.
Unloading 1999 Unused Serialized files (Serialized files now loaded: 0)
System memory in use before: 105.1 MB.
System memory in use after: 105.1 MB.

Unloading 18 unused Assets to reduce memory usage. Loaded Objects now: 2530.
Total: 379.192500 ms (FindLiveObjects: 0.331700 ms CreateObjectMapping: 0.357000 ms MarkObjects: 378.397300 ms  DeleteObjects: 0.104200 ms)

AssetImportParameters requested are different than current active one (requested -> active):
  custom:framework-win-MediaFoundation: 216162199b28c13a410421893ffa2e32 -> 
  custom:video-decoder-ogg-theora: a1e56fd34408186e4bbccfd4996cb3dc -> 
  custom:container-muxer-webm: aa71ff27fc2769a1b78a27578f13a17b -> 
  custom:container-demuxer-webm: 4f35f7cbe854078d1ac9338744f61a02 -> 
  custom:container-demuxer-ogg: 62fdf1f143b41e24485cea50d1cbac27 -> 
  custom:video-encoder-webm-vp8: eb34c28f22e8b96e1ab97ce403110664 -> 
  custom:video-decoder-webm-vp8: 9c59270c3fd7afecdb556c50c9e8de78 -> 
  custom:audio-decoder-ogg-vorbis: bf7c407c2cedff20999df2af8eb42d56 -> 
  custom:audio-encoder-webm-vorbis: bf7c407c2cedff20999df2af8eb42d56 -> 
========================================================================
Received Prepare
Registering precompiled user dll's ...
Registered in 0.013893 seconds.
Begin MonoManager ReloadAssembly
Native extension for WindowsStandalone target not found
Refreshing native plugins compatible for Editor in 0.95 ms, found 2 plugins.
Preloading 0 native plugins for Editor in 0.00 ms.
Mono: successfully reloaded assembly
- Completed reload, in  1.813 seconds
Domain Reload Profiling:
	ReloadAssembly (1813ms)
		BeginReloadAssembly (176ms)
			ExecutionOrderSort (0ms)
			DisableScriptedObjects (7ms)
			BackupInstance (0ms)
			ReleaseScriptingObjects (0ms)
			CreateAndSetChildDomain (44ms)
		EndReloadAssembly (1536ms)
			LoadAssemblies (145ms)
			RebuildTransferFunctionScriptingTraits (0ms)
			SetupTypeCache (504ms)
			ReleaseScriptCaches (1ms)
			RebuildScriptCaches (74ms)
			SetupLoadedEditorAssemblies (627ms)
				LogAssemblyErrors (0ms)
				InitializePlatformSupportModulesInManaged (10ms)
				SetLoadedEditorAssemblies (1ms)
				RefreshPlugins (1ms)
				BeforeProcessingInitializeOnLoad (139ms)
				ProcessInitializeOnLoadAttributes (457ms)
				ProcessInitializeOnLoadMethodAttributes (8ms)
				AfterProcessingInitializeOnLoad (10ms)
				EditorAssembliesLoaded (0ms)
			ExecutionOrderSort2 (0ms)
			AwakeInstancesAfterBackupRestoration (12ms)
Platform modules already initialized, skipping
Refreshing native plugins compatible for Editor in 0.82 ms, found 2 plugins.
Preloading 0 native plugins for Editor in 0.00 ms.
Unloading 1999 Unused Serialized files (Serialized files now loaded: 0)
System memory in use before: 105.0 MB.
System memory in use after: 105.1 MB.

Unloading 15 unused Assets to reduce memory usage. Loaded Objects now: 2532.
Total: 5.050200 ms (FindLiveObjects: 0.270200 ms CreateObjectMapping: 0.146600 ms MarkObjects: 4.539600 ms  DeleteObjects: 0.091300 ms)

AssetImportParameters requested are different than current active one (requested -> active):
  custom:framework-win-MediaFoundation: 216162199b28c13a410421893ffa2e32 -> 
  custom:video-decoder-ogg-theora: a1e56fd34408186e4bbccfd4996cb3dc -> 
  custom:container-muxer-webm: aa71ff27fc2769a1b78a27578f13a17b -> 
  custom:container-demuxer-webm: 4f35f7cbe854078d1ac9338744f61a02 -> 
  custom:container-demuxer-ogg: 62fdf1f143b41e24485cea50d1cbac27 -> 
  custom:video-encoder-webm-vp8: eb34c28f22e8b96e1ab97ce403110664 -> 
  custom:video-decoder-webm-vp8: 9c59270c3fd7afecdb556c50c9e8de78 -> 
  custom:audio-decoder-ogg-vorbis: bf7c407c2cedff20999df2af8eb42d56 -> 
  custom:audio-encoder-webm-vorbis: bf7c407c2cedff20999df2af8eb42d56 -> 
========================================================================
Received Prepare
Registering precompiled user dll's ...
Registered in 0.007455 seconds.
Begin MonoManager ReloadAssembly
Native extension for WindowsStandalone target not found
Refreshing native plugins compatible for Editor in 1.65 ms, found 2 plugins.
Preloading 0 native plugins for Editor in 0.00 ms.
Mono: successfully reloaded assembly
- Completed reload, in  1.862 seconds
Domain Reload Profiling:
	ReloadAssembly (1863ms)
		BeginReloadAssembly (180ms)
			ExecutionOrderSort (0ms)
			DisableScriptedObjects (7ms)
			BackupInstance (0ms)
			ReleaseScriptingObjects (0ms)
			CreateAndSetChildDomain (47ms)
		EndReloadAssembly (1580ms)
			LoadAssemblies (144ms)
			RebuildTransferFunctionScriptingTraits (0ms)
			SetupTypeCache (460ms)
			ReleaseScriptCaches (1ms)
			RebuildScriptCaches (79ms)
			SetupLoadedEditorAssemblies (727ms)
				LogAssemblyErrors (0ms)
				InitializePlatformSupportModulesInManaged (8ms)
				SetLoadedEditorAssemblies (1ms)
				RefreshPlugins (2ms)
				BeforeProcessingInitializeOnLoad (252ms)
				ProcessInitializeOnLoadAttributes (447ms)
				ProcessInitializeOnLoadMethodAttributes (7ms)
				AfterProcessingInitializeOnLoad (10ms)
				EditorAssembliesLoaded (0ms)
			ExecutionOrderSort2 (0ms)
			AwakeInstancesAfterBackupRestoration (10ms)
Platform modules already initialized, skipping
Refreshing native plugins compatible for Editor in 0.73 ms, found 2 plugins.
Preloading 0 native plugins for Editor in 0.00 ms.
Unloading 2004 Unused Serialized files (Serialized files now loaded: 0)
System memory in use before: 105.3 MB.
System memory in use after: 105.4 MB.

Unloading 16 unused Assets to reduce memory usage. Loaded Objects now: 2538.
Total: 4.222500 ms (FindLiveObjects: 0.227300 ms CreateObjectMapping: 0.099500 ms MarkObjects: 3.787900 ms  DeleteObjects: 0.105700 ms)

AssetImportParameters requested are different than current active one (requested -> active):
  custom:framework-win-MediaFoundation: 216162199b28c13a410421893ffa2e32 -> 
  custom:video-decoder-ogg-theora: a1e56fd34408186e4bbccfd4996cb3dc -> 
  custom:container-muxer-webm: aa71ff27fc2769a1b78a27578f13a17b -> 
  custom:container-demuxer-webm: 4f35f7cbe854078d1ac9338744f61a02 -> 
  custom:container-demuxer-ogg: 62fdf1f143b41e24485cea50d1cbac27 -> 
  custom:video-encoder-webm-vp8: eb34c28f22e8b96e1ab97ce403110664 -> 
  custom:video-decoder-webm-vp8: 9c59270c3fd7afecdb556c50c9e8de78 -> 
  custom:audio-decoder-ogg-vorbis: bf7c407c2cedff20999df2af8eb42d56 -> 
  custom:audio-encoder-webm-vorbis: bf7c407c2cedff20999df2af8eb42d56 -> 
========================================================================
Received Import Request.
  Time since last request: 79.136781 seconds.
  path: Assets/Hero Knight - Pixel Art/Demo
  artifactKey: Guid(09a0c900cf3b39b4e834bb8110365207) Importer(815301076,1909f56bfc062723c751e8b465ee728b)
Start importing Assets/Hero Knight - Pixel Art/Demo using Guid(09a0c900cf3b39b4e834bb8110365207) Importer(815301076,1909f56bfc062723c751e8b465ee728b)  -> (artifact id: 'f6ed068ce36058e6ec59a26a5d7dcb99') in 0.031943 seconds 
  Import took 0.036655 seconds .

========================================================================
Received Import Request.
  Time since last request: 0.690532 seconds.
  path: Assets/Hero Knight - Pixel Art/Demo/HeroKnight.prefab
  artifactKey: Guid(a4b4a6d32bcb19248a754d6602ffc7e4) Importer(815301076,1909f56bfc062723c751e8b465ee728b)
Start importing Assets/Hero Knight - Pixel Art/Demo/HeroKnight.prefab using Guid(a4b4a6d32bcb19248a754d6602ffc7e4) Importer(815301076,1909f56bfc062723c751e8b465ee728b)  -> (artifact id: '6ba5724c0cf99b78d632f83c4e2a2f6b') in 0.127697 seconds 
  Import took 0.136321 seconds .

========================================================================
Received Import Request.
  Time since last request: 0.000243 seconds.
  path: Assets/Hero Knight - Pixel Art/Demo/HeroKnight_Green.prefab
  artifactKey: Guid(2f7eeaf41636b0f4f8ca52ea6858fd36) Importer(815301076,1909f56bfc062723c751e8b465ee728b)
Start importing Assets/Hero Knight - Pixel Art/Demo/HeroKnight_Green.prefab using Guid(2f7eeaf41636b0f4f8ca52ea6858fd36) Importer(815301076,1909f56bfc062723c751e8b465ee728b)  -> (artifact id: 'f296d67d4b4a8214e63b3a4e881e13ec') in 0.066668 seconds 
  Import took 0.072320 seconds .

========================================================================
Received Import Request.
  Time since last request: 2.807579 seconds.
  path: Assets/Hero Knight - Pixel Art/Demo/BlockFlash.prefab
  artifactKey: Guid(803b96fa8ebd5a749bdf32bd0e553139) Importer(815301076,1909f56bfc062723c751e8b465ee728b)
Start importing Assets/Hero Knight - Pixel Art/Demo/BlockFlash.prefab using Guid(803b96fa8ebd5a749bdf32bd0e553139) Importer(815301076,1909f56bfc062723c751e8b465ee728b)  -> (artifact id: '910506659dbd812f21abbaf35df9ff7c') in 0.037727 seconds 
  Import took 0.046378 seconds .

========================================================================
Received Import Request.
  Time since last request: 3.421004 seconds.
  path: Assets/Hero Knight - Pixel Art/Demo/Demo.unity
  artifactKey: Guid(f9932cc447c2c0b489f7fe04352db427) Importer(815301076,1909f56bfc062723c751e8b465ee728b)
Start importing Assets/Hero Knight - Pixel Art/Demo/Demo.unity using Guid(f9932cc447c2c0b489f7fe04352db427) Importer(815301076,1909f56bfc062723c751e8b465ee728b)  -> (artifact id: '02b3778e7a848aef1e6fbe64b6c506ec') in 0.015807 seconds 
  Import took 0.023657 seconds .

========================================================================
Received Import Request.
  Time since last request: 69.230313 seconds.
  path: Assets/Hero Knight - Pixel Art/Demo/HeroKnight_Yellow.prefab
  artifactKey: Guid(3e14bf7b39e2c2940a826eb72e6b8043) Importer(815301076,1909f56bfc062723c751e8b465ee728b)
Start importing Assets/Hero Knight - Pixel Art/Demo/HeroKnight_Yellow.prefab using Guid(3e14bf7b39e2c2940a826eb72e6b8043) Importer(815301076,1909f56bfc062723c751e8b465ee728b)  -> (artifact id: '5e3ac743302c6398f641de041b73c6ca') in 0.101716 seconds 
  Import took 0.111867 seconds .

========================================================================
Received Import Request.
  Time since last request: 2.882233 seconds.
  path: Assets/Hero Knight - Pixel Art/Demo/SlideDust.prefab
  artifactKey: Guid(8b8c8cc6774fb074cb9139cc631b108e) Importer(815301076,1909f56bfc062723c751e8b465ee728b)
Start importing Assets/Hero Knight - Pixel Art/Demo/SlideDust.prefab using Guid(8b8c8cc6774fb074cb9139cc631b108e) Importer(815301076,1909f56bfc062723c751e8b465ee728b)  -> (artifact id: 'f28f67991d07e6bf914396ca9a37e284') in 0.035983 seconds 
  Import took 0.041744 seconds .

========================================================================
Received Import Request.
  Time since last request: 11.534746 seconds.
  path: Assets/Hero Knight - Pixel Art/Demo/HeroKnight.cs
  artifactKey: Guid(0f5034bc83802944c9bca57c55e08978) Importer(815301076,1909f56bfc062723c751e8b465ee728b)
Start importing Assets/Hero Knight - Pixel Art/Demo/HeroKnight.cs using Guid(0f5034bc83802944c9bca57c55e08978) Importer(815301076,1909f56bfc062723c751e8b465ee728b)  -> (artifact id: '2a43c2cfc5e6529b12353c61dc4a0eb9') in 0.041191 seconds 
  Import took 0.046228 seconds .

========================================================================
Received Prepare
Registering precompiled user dll's ...
Registered in 0.011424 seconds.
Begin MonoManager ReloadAssembly
Native extension for WindowsStandalone target not found
Refreshing native plugins compatible for Editor in 0.69 ms, found 2 plugins.
Preloading 0 native plugins for Editor in 0.00 ms.
Mono: successfully reloaded assembly
- Completed reload, in  1.946 seconds
Domain Reload Profiling:
	ReloadAssembly (1947ms)
		BeginReloadAssembly (217ms)
			ExecutionOrderSort (0ms)
			DisableScriptedObjects (12ms)
			BackupInstance (0ms)
			ReleaseScriptingObjects (0ms)
			CreateAndSetChildDomain (68ms)
		EndReloadAssembly (1590ms)
			LoadAssemblies (216ms)
			RebuildTransferFunctionScriptingTraits (0ms)
			SetupTypeCache (515ms)
			ReleaseScriptCaches (1ms)
			RebuildScriptCaches (71ms)
			SetupLoadedEditorAssemblies (637ms)
				LogAssemblyErrors (0ms)
				InitializePlatformSupportModulesInManaged (9ms)
				SetLoadedEditorAssemblies (1ms)
				RefreshPlugins (1ms)
				BeforeProcessingInitializeOnLoad (144ms)
				ProcessInitializeOnLoadAttributes (466ms)
				ProcessInitializeOnLoadMethodAttributes (7ms)
				AfterProcessingInitializeOnLoad (10ms)
				EditorAssembliesLoaded (0ms)
			ExecutionOrderSort2 (0ms)
			AwakeInstancesAfterBackupRestoration (11ms)
Platform modules already initialized, skipping
Refreshing native plugins compatible for Editor in 0.73 ms, found 2 plugins.
Preloading 0 native plugins for Editor in 0.00 ms.
Unloading 2004 Unused Serialized files (Serialized files now loaded: 0)
System memory in use before: 105.4 MB.
System memory in use after: 105.5 MB.

Unloading 15 unused Assets to reduce memory usage. Loaded Objects now: 2542.
Total: 4.107900 ms (FindLiveObjects: 0.227600 ms CreateObjectMapping: 0.097200 ms MarkObjects: 3.689200 ms  DeleteObjects: 0.091500 ms)

AssetImportParameters requested are different than current active one (requested -> active):
  custom:framework-win-MediaFoundation: 216162199b28c13a410421893ffa2e32 -> 
  custom:video-decoder-ogg-theora: a1e56fd34408186e4bbccfd4996cb3dc -> 
  custom:container-muxer-webm: aa71ff27fc2769a1b78a27578f13a17b -> 
  custom:container-demuxer-webm: 4f35f7cbe854078d1ac9338744f61a02 -> 
  custom:container-demuxer-ogg: 62fdf1f143b41e24485cea50d1cbac27 -> 
  custom:video-encoder-webm-vp8: eb34c28f22e8b96e1ab97ce403110664 -> 
  custom:video-decoder-webm-vp8: 9c59270c3fd7afecdb556c50c9e8de78 -> 
  custom:audio-decoder-ogg-vorbis: bf7c407c2cedff20999df2af8eb42d56 -> 
  custom:audio-encoder-webm-vorbis: bf7c407c2cedff20999df2af8eb42d56 -> 
========================================================================
Received Prepare
Registering precompiled user dll's ...
Registered in 0.032199 seconds.
Begin MonoManager ReloadAssembly
Native extension for WindowsStandalone target not found
Refreshing native plugins compatible for Editor in 0.70 ms, found 2 plugins.
Preloading 0 native plugins for Editor in 0.00 ms.
Mono: successfully reloaded assembly
- Completed reload, in  2.222 seconds
Domain Reload Profiling:
	ReloadAssembly (2223ms)
		BeginReloadAssembly (564ms)
			ExecutionOrderSort (0ms)
			DisableScriptedObjects (23ms)
			BackupInstance (0ms)
			ReleaseScriptingObjects (1ms)
			CreateAndSetChildDomain (126ms)
		EndReloadAssembly (1521ms)
			LoadAssemblies (303ms)
			RebuildTransferFunctionScriptingTraits (0ms)
			SetupTypeCache (495ms)
			ReleaseScriptCaches (1ms)
			RebuildScriptCaches (72ms)
			SetupLoadedEditorAssemblies (612ms)
				LogAssemblyErrors (0ms)
				InitializePlatformSupportModulesInManaged (8ms)
				SetLoadedEditorAssemblies (1ms)
				RefreshPlugins (1ms)
				BeforeProcessingInitializeOnLoad (134ms)
				ProcessInitializeOnLoadAttributes (451ms)
				ProcessInitializeOnLoadMethodAttributes (8ms)
				AfterProcessingInitializeOnLoad (10ms)
				EditorAssembliesLoaded (0ms)
			ExecutionOrderSort2 (0ms)
			AwakeInstancesAfterBackupRestoration (11ms)
Platform modules already initialized, skipping
Refreshing native plugins compatible for Editor in 0.79 ms, found 2 plugins.
Preloading 0 native plugins for Editor in 0.00 ms.
Unloading 2007 Unused Serialized files (Serialized files now loaded: 0)
System memory in use before: 105.4 MB.
System memory in use after: 105.5 MB.

Unloading 15 unused Assets to reduce memory usage. Loaded Objects now: 2548.
Total: 4.331100 ms (FindLiveObjects: 0.309000 ms CreateObjectMapping: 0.100200 ms MarkObjects: 3.831900 ms  DeleteObjects: 0.087700 ms)

AssetImportParameters requested are different than current active one (requested -> active):
  custom:framework-win-MediaFoundation: 216162199b28c13a410421893ffa2e32 -> 
  custom:video-decoder-ogg-theora: a1e56fd34408186e4bbccfd4996cb3dc -> 
  custom:container-muxer-webm: aa71ff27fc2769a1b78a27578f13a17b -> 
  custom:container-demuxer-webm: 4f35f7cbe854078d1ac9338744f61a02 -> 
  custom:container-demuxer-ogg: 62fdf1f143b41e24485cea50d1cbac27 -> 
  custom:video-encoder-webm-vp8: eb34c28f22e8b96e1ab97ce403110664 -> 
  custom:video-decoder-webm-vp8: 9c59270c3fd7afecdb556c50c9e8de78 -> 
  custom:audio-decoder-ogg-vorbis: bf7c407c2cedff20999df2af8eb42d56 -> 
  custom:audio-encoder-webm-vorbis: bf7c407c2cedff20999df2af8eb42d56 -> 
========================================================================
Received Import Request.
  Time since last request: 316.780341 seconds.
  path: Assets/Prototype Hero Demo - Pixel Art/Demo
  artifactKey: Guid(6289fda832ad64b4295e560089668425) Importer(815301076,1909f56bfc062723c751e8b465ee728b)
Start importing Assets/Prototype Hero Demo - Pixel Art/Demo using Guid(6289fda832ad64b4295e560089668425) Importer(815301076,1909f56bfc062723c751e8b465ee728b)  -> (artifact id: '9ccd039f3e8376e4429e7e3200226129') in 0.031589 seconds 
  Import took 0.066146 seconds .

========================================================================
Received Import Request.
  Time since last request: 0.052835 seconds.
  path: Assets/Prototype Hero Demo - Pixel Art/Demo/JumpDust.prefab
  artifactKey: Guid(4a4123fbc8b39d441868897a71d2b2b1) Importer(815301076,1909f56bfc062723c751e8b465ee728b)
Start importing Assets/Prototype Hero Demo - Pixel Art/Demo/JumpDust.prefab using Guid(4a4123fbc8b39d441868897a71d2b2b1) Importer(815301076,1909f56bfc062723c751e8b465ee728b)  -> (artifact id: 'a8eaf8c8673af72c46049973d74003c6') in 0.109639 seconds 
  Import took 0.115876 seconds .

========================================================================
Received Import Request.
  Time since last request: 0.000232 seconds.
  path: Assets/Prototype Hero Demo - Pixel Art/Demo/PrototypeHero.prefab
  artifactKey: Guid(e481822248898d04e9808a3d3ca78e5a) Importer(815301076,1909f56bfc062723c751e8b465ee728b)
Start importing Assets/Prototype Hero Demo - Pixel Art/Demo/PrototypeHero.prefab using Guid(e481822248898d04e9808a3d3ca78e5a) Importer(815301076,1909f56bfc062723c751e8b465ee728b)  -> (artifact id: '2d89a9b50393fe1b1da8d9088c4437fb') in 0.173630 seconds 
  Import took 0.179077 seconds .

========================================================================
Received Import Request.
  Time since last request: 0.000251 seconds.
  path: Assets/Prototype Hero Demo - Pixel Art/Demo/LandingDust.prefab
  artifactKey: Guid(0b745be9abb3a6d4dadd8705950196d1) Importer(815301076,1909f56bfc062723c751e8b465ee728b)
Start importing Assets/Prototype Hero Demo - Pixel Art/Demo/LandingDust.prefab using Guid(0b745be9abb3a6d4dadd8705950196d1) Importer(815301076,1909f56bfc062723c751e8b465ee728b)  -> (artifact id: 'efccb35bd9f2603f9aa29808f6b3cf34') in 0.054275 seconds 
  Import took 0.059459 seconds .

========================================================================
Received Import Request.
  Time since last request: 2.370956 seconds.
  path: Assets/Prototype Hero Demo - Pixel Art/Demo/Demo.unity
  artifactKey: Guid(c3dba8a76f24ef8409238cc6858385a1) Importer(815301076,1909f56bfc062723c751e8b465ee728b)
Start importing Assets/Prototype Hero Demo - Pixel Art/Demo/Demo.unity using Guid(c3dba8a76f24ef8409238cc6858385a1) Importer(815301076,1909f56bfc062723c751e8b465ee728b)  -> (artifact id: '49b091ac5d560520608f59b3856e9597') in 0.032403 seconds 
  Import took 0.037487 seconds .

========================================================================
Received Prepare
Registering precompiled user dll's ...
Registered in 0.016084 seconds.
Begin MonoManager ReloadAssembly
Native extension for WindowsStandalone target not found
Refreshing native plugins compatible for Editor in 0.70 ms, found 2 plugins.
Preloading 0 native plugins for Editor in 0.00 ms.
Mono: successfully reloaded assembly
- Completed reload, in  3.516 seconds
Domain Reload Profiling:
	ReloadAssembly (3517ms)
		BeginReloadAssembly (366ms)
			ExecutionOrderSort (0ms)
			DisableScriptedObjects (35ms)
			BackupInstance (0ms)
			ReleaseScriptingObjects (2ms)
			CreateAndSetChildDomain (74ms)
		EndReloadAssembly (2927ms)
			LoadAssemblies (246ms)
			RebuildTransferFunctionScriptingTraits (0ms)
			SetupTypeCache (772ms)
			ReleaseScriptCaches (2ms)
			RebuildScriptCaches (118ms)
			SetupLoadedEditorAssemblies (1493ms)
				LogAssemblyErrors (0ms)
				InitializePlatformSupportModulesInManaged (21ms)
				SetLoadedEditorAssemblies (1ms)
				RefreshPlugins (1ms)
				BeforeProcessingInitializeOnLoad (234ms)
				ProcessInitializeOnLoadAttributes (1197ms)
				ProcessInitializeOnLoadMethodAttributes (23ms)
				AfterProcessingInitializeOnLoad (16ms)
				EditorAssembliesLoaded (0ms)
			ExecutionOrderSort2 (0ms)
			AwakeInstancesAfterBackupRestoration (17ms)
Platform modules already initialized, skipping
Refreshing native plugins compatible for Editor in 0.70 ms, found 2 plugins.
Preloading 0 native plugins for Editor in 0.00 ms.
Unloading 2007 Unused Serialized files (Serialized files now loaded: 0)
System memory in use before: 105.6 MB.
System memory in use after: 105.6 MB.

Unloading 15 unused Assets to reduce memory usage. Loaded Objects now: 2551.
Total: 8.013500 ms (FindLiveObjects: 0.237800 ms CreateObjectMapping: 0.096600 ms MarkObjects: 7.574100 ms  DeleteObjects: 0.102500 ms)

AssetImportParameters requested are different than current active one (requested -> active):
  custom:framework-win-MediaFoundation: 216162199b28c13a410421893ffa2e32 -> 
  custom:video-decoder-ogg-theora: a1e56fd34408186e4bbccfd4996cb3dc -> 
  custom:container-muxer-webm: aa71ff27fc2769a1b78a27578f13a17b -> 
  custom:container-demuxer-webm: 4f35f7cbe854078d1ac9338744f61a02 -> 
  custom:container-demuxer-ogg: 62fdf1f143b41e24485cea50d1cbac27 -> 
  custom:video-encoder-webm-vp8: eb34c28f22e8b96e1ab97ce403110664 -> 
  custom:video-decoder-webm-vp8: 9c59270c3fd7afecdb556c50c9e8de78 -> 
  custom:audio-decoder-ogg-vorbis: bf7c407c2cedff20999df2af8eb42d56 -> 
  custom:audio-encoder-webm-vorbis: bf7c407c2cedff20999df2af8eb42d56 -> 
